Using pre-set license
Built from '2020.3/staging' branch; Version is '2020.3.19f1 (68f137dc9bbe) revision 6877495'; Using compiler version '192528614'; Build Type 'Release'
OS: 'Windows 10 Home; OS build 19043.1561; Version 2009; 64bit' Language: 'en' Physical Memory: 16294 MB
BatchMode: 1, IsHumanControllingUs: 0, StartBugReporterOnCrash: 0, Is64bit: 1, IsPro: 0

COMMAND LINE ARGUMENTS:
C:\Program Files\Unity\Hub\Editor\2020.3.19f1\Editor\Unity.exe
-adb2
-batchMode
-noUpm
-name
AssetImportWorker0
-projectPath
C:/Users/treyb/Desktop/UnityProj/GaelicQuest
-logFile
Logs/AssetImportWorker0.log
-srvPort
60939
Successfully changed project path to: C:/Users/treyb/Desktop/UnityProj/GaelicQuest
C:/Users/treyb/Desktop/UnityProj/GaelicQuest
Using Asset Import Pipeline V2.
Refreshing native plugins compatible for Editor in 30.14 ms, found 3 plugins.
Preloading 0 native plugins for Editor in 0.00 ms.
Initialize engine version: 2020.3.19f1 (68f137dc9bbe)
[Subsystems] Discovering subsystems at path C:/Program Files/Unity/Hub/Editor/2020.3.19f1/Editor/Data/Resources/UnitySubsystems
[Subsystems] Discovering subsystems at path C:/Users/treyb/Desktop/UnityProj/GaelicQuest/Assets
GfxDevice: creating device client; threaded=0
Direct3D:
    Version:  Direct3D 11.0 [level 11.1]
    Renderer: AMD Radeon RX 6600 XT (ID=0x73ff)
    Vendor:   
    VRAM:     8147 MB
    Driver:   30.0.13025.5005
Initialize mono
Mono path[0] = 'C:/Program Files/Unity/Hub/Editor/2020.3.19f1/Editor/Data/Managed'
Mono path[1] = 'C:/Program Files/Unity/Hub/Editor/2020.3.19f1/Editor/Data/MonoBleedingEdge/lib/mono/unityjit'
Mono config path = 'C:/Program Files/Unity/Hub/Editor/2020.3.19f1/Editor/Data/MonoBleedingEdge/etc'
Using monoOptions --debugger-agent=transport=dt_socket,embedding=1,server=y,suspend=n,address=127.0.0.1:56172
Begin MonoManager ReloadAssembly
Registering precompiled unity dll's ...
Register platform support module: C:/Program Files/Unity/Hub/Editor/2020.3.19f1/Editor/Data/PlaybackEngines/WindowsStandaloneSupport/UnityEditor.WindowsStandalone.Extensions.dll
Registered in 0.001476 seconds.
Native extension for WindowsStandalone target not found
Refreshing native plugins compatible for Editor in 30.25 ms, found 3 plugins.
Preloading 0 native plugins for Editor in 0.00 ms.
Mono: successfully reloaded assembly
- Completed reload, in  0.751 seconds
Domain Reload Profiling:
	ReloadAssembly (752ms)
		BeginReloadAssembly (37ms)
			ExecutionOrderSort (0ms)
			DisableScriptedObjects (0ms)
			BackupInstance (0ms)
			ReleaseScriptingObjects (0ms)
			CreateAndSetChildDomain (1ms)
		EndReloadAssembly (281ms)
			LoadAssemblies (35ms)
			RebuildTransferFunctionScriptingTraits (0ms)
			SetupTypeCache (94ms)
			ReleaseScriptCaches (0ms)
			RebuildScriptCaches (18ms)
			SetupLoadedEditorAssemblies (121ms)
				LogAssemblyErrors (0ms)
				InitializePlatformSupportModulesInManaged (3ms)
				SetLoadedEditorAssemblies (0ms)
				RefreshPlugins (30ms)
				BeforeProcessingInitializeOnLoad (12ms)
				ProcessInitializeOnLoadAttributes (57ms)
				ProcessInitializeOnLoadMethodAttributes (19ms)
				AfterProcessingInitializeOnLoad (0ms)
				EditorAssembliesLoaded (0ms)
			ExecutionOrderSort2 (0ms)
			AwakeInstancesAfterBackupRestoration (0ms)
Platform modules already initialized, skipping
Registering precompiled user dll's ...
Registered in 0.002400 seconds.
Begin MonoManager ReloadAssembly
Native extension for WindowsStandalone target not found
Refreshing native plugins compatible for Editor in 30.73 ms, found 3 plugins.
Preloading 0 native plugins for Editor in 0.00 ms.
Mono: successfully reloaded assembly
- Completed reload, in  0.732 seconds
Domain Reload Profiling:
	ReloadAssembly (732ms)
		BeginReloadAssembly (93ms)
			ExecutionOrderSort (0ms)
			DisableScriptedObjects (3ms)
			BackupInstance (0ms)
			ReleaseScriptingObjects (0ms)
			CreateAndSetChildDomain (13ms)
		EndReloadAssembly (595ms)
			LoadAssemblies (62ms)
			RebuildTransferFunctionScriptingTraits (0ms)
			SetupTypeCache (181ms)
			ReleaseScriptCaches (0ms)
			RebuildScriptCaches (28ms)
			SetupLoadedEditorAssemblies (246ms)
				LogAssemblyErrors (0ms)
				InitializePlatformSupportModulesInManaged (3ms)
				SetLoadedEditorAssemblies (0ms)
				RefreshPlugins (31ms)
				BeforeProcessingInitializeOnLoad (57ms)
				ProcessInitializeOnLoadAttributes (141ms)
				ProcessInitializeOnLoadMethodAttributes (9ms)
				AfterProcessingInitializeOnLoad (6ms)
				EditorAssembliesLoaded (0ms)
			ExecutionOrderSort2 (0ms)
			AwakeInstancesAfterBackupRestoration (4ms)
Platform modules already initialized, skipping
========================================================================
Worker process is ready to serve import requests
Launched and connected shader compiler UnityShaderCompiler.exe after 0.03 seconds
Refreshing native plugins compatible for Editor in 0.42 ms, found 3 plugins.
Preloading 0 native plugins for Editor in 0.00 ms.
Unloading 2091 Unused Serialized files (Serialized files now loaded: 0)
System memory in use before: 93.0 MB.
System memory in use after: 93.1 MB.

Unloading 26 unused Assets to reduce memory usage. Loaded Objects now: 2530.
Total: 2.397900 ms (FindLiveObjects: 0.156400 ms CreateObjectMapping: 0.048600 ms MarkObjects: 2.146300 ms  DeleteObjects: 0.046000 ms)

AssetImportParameters requested are different than current active one (requested -> active):
  custom:framework-win-MediaFoundation: 216162199b28c13a410421893ffa2e32 -> 
  custom:video-decoder-ogg-theora: a1e56fd34408186e4bbccfd4996cb3dc -> 
  custom:container-muxer-webm: aa71ff27fc2769a1b78a27578f13a17b -> 
  custom:container-demuxer-webm: 4f35f7cbe854078d1ac9338744f61a02 -> 
  custom:container-demuxer-ogg: 62fdf1f143b41e24485cea50d1cbac27 -> 
  custom:video-encoder-webm-vp8: eb34c28f22e8b96e1ab97ce403110664 -> 
  custom:video-decoder-webm-vp8: 9c59270c3fd7afecdb556c50c9e8de78 -> 
  custom:audio-decoder-ogg-vorbis: bf7c407c2cedff20999df2af8eb42d56 -> 
  custom:audio-encoder-webm-vorbis: bf7c407c2cedff20999df2af8eb42d56 -> 
========================================================================
Received Import Request.
  path: Assets/Poco The Adventurer/Levels/Decoration Level 1.unitypackage
  artifactKey: Guid(1b05e80355285294194f07edcbcc41d5) Importer(815301076,1909f56bfc062723c751e8b465ee728b)
Start importing Assets/Poco The Adventurer/Levels/Decoration Level 1.unitypackage using Guid(1b05e80355285294194f07edcbcc41d5) Importer(815301076,1909f56bfc062723c751e8b465ee728b)  -> (artifact id: '3ca261d3acd7ec9b8b9ed4c2e40e9277') in 0.022970 seconds 
  Import took 0.026492 seconds .

========================================================================
Received Import Request.
  Time since last request: 19.942343 seconds.
  path: Assets/Poco The Adventurer/Levels/Dungeon 1 Level.unitypackage
  artifactKey: Guid(7d4f9962afedeba449278e6b055bddc9) Importer(815301076,1909f56bfc062723c751e8b465ee728b)
Start importing Assets/Poco The Adventurer/Levels/Dungeon 1 Level.unitypackage using Guid(7d4f9962afedeba449278e6b055bddc9) Importer(815301076,1909f56bfc062723c751e8b465ee728b)  -> (artifact id: '82ac29dcfc8e509004b393749c8bb562') in 0.005034 seconds 
  Import took 0.007583 seconds .

========================================================================
Received Import Request.
  Time since last request: 9.357409 seconds.
  path: Assets/Poco The Adventurer/Levels/Dungeon 2 Level.unitypackage
  artifactKey: Guid(5f63de70ced676e4f9574d982574f3cf) Importer(815301076,1909f56bfc062723c751e8b465ee728b)
Start importing Assets/Poco The Adventurer/Levels/Dungeon 2 Level.unitypackage using Guid(5f63de70ced676e4f9574d982574f3cf) Importer(815301076,1909f56bfc062723c751e8b465ee728b)  -> (artifact id: '9512786bbbbfef10254042e2dc577f12') in 0.004681 seconds 
  Import took 0.007149 seconds .

========================================================================
Received Import Request.
  Time since last request: 11.560265 seconds.
  path: Assets/Poco The Adventurer/Levels/Dungeon 3 Level.unitypackage
  artifactKey: Guid(cfdedcb6497cd454f86ab9dc30c01c66) Importer(815301076,1909f56bfc062723c751e8b465ee728b)
Start importing Assets/Poco The Adventurer/Levels/Dungeon 3 Level.unitypackage using Guid(cfdedcb6497cd454f86ab9dc30c01c66) Importer(815301076,1909f56bfc062723c751e8b465ee728b)  -> (artifact id: 'ee66cb3d46ff41ad9aace1805cf90b37') in 0.004704 seconds 
  Import took 0.007410 seconds .

========================================================================
Received Import Request.
  Time since last request: 5.143691 seconds.
  path: Assets/Poco The Adventurer/Levels/Dungeon 4 Level.unitypackage
  artifactKey: Guid(75fc54617948f3f47a57cf34d1f6eb10) Importer(815301076,1909f56bfc062723c751e8b465ee728b)
Start importing Assets/Poco The Adventurer/Levels/Dungeon 4 Level.unitypackage using Guid(75fc54617948f3f47a57cf34d1f6eb10) Importer(815301076,1909f56bfc062723c751e8b465ee728b)  -> (artifact id: '88d3c9ccb72b006e25430a6e8bfb9433') in 0.005589 seconds 
  Import took 0.008324 seconds .

========================================================================
Received Import Request.
  Time since last request: 4.548154 seconds.
  path: Assets/Poco The Adventurer/Levels/Main Menu Dungeon.unitypackage
  artifactKey: Guid(5911d74381bf92f428d53e9185c0bb2b) Importer(815301076,1909f56bfc062723c751e8b465ee728b)
Start importing Assets/Poco The Adventurer/Levels/Main Menu Dungeon.unitypackage using Guid(5911d74381bf92f428d53e9185c0bb2b) Importer(815301076,1909f56bfc062723c751e8b465ee728b)  -> (artifact id: 'd4d30a00edffd2a552ae879c4eef3598') in 0.005626 seconds 
  Import took 0.008755 seconds .

========================================================================
Received Import Request.
  Time since last request: 19.951422 seconds.
  path: Assets/Scenes/LevelOne.unity
  artifactKey: Guid(2cda990e2423bbf4892e6590ba056729) Importer(815301076,1909f56bfc062723c751e8b465ee728b)
Start importing Assets/Scenes/LevelOne.unity using Guid(2cda990e2423bbf4892e6590ba056729) Importer(815301076,1909f56bfc062723c751e8b465ee728b)  -> (artifact id: '3ff3fbdaf9006b9a55322408f79b6994') in 0.005359 seconds 
  Import took 0.008274 seconds .

========================================================================
Received Import Request.
  Time since last request: 47.907480 seconds.
  path: Assets/Poco The Adventurer/Fonts/Chargen.ttf
  artifactKey: Guid(c7b785d0381a3a346b374e4a0347332d) Importer(815301076,1909f56bfc062723c751e8b465ee728b)
Start importing Assets/Poco The Adventurer/Fonts/Chargen.ttf using Guid(c7b785d0381a3a346b374e4a0347332d) Importer(815301076,1909f56bfc062723c751e8b465ee728b)  -> (artifact id: '8bac74084963b1c757cf2fc3a2e075af') in 0.088685 seconds 
  Import took 0.091384 seconds .

========================================================================
Received Import Request.
  Time since last request: 4.718352 seconds.
  path: Assets/Poco The Adventurer/Sound/BG Music.mp3
  artifactKey: Guid(1aa41dac44d5de9498f52b0084c99438) Importer(815301076,1909f56bfc062723c751e8b465ee728b)
Start importing Assets/Poco The Adventurer/Sound/BG Music.mp3 using Guid(1aa41dac44d5de9498f52b0084c99438) Importer(815301076,1909f56bfc062723c751e8b465ee728b)  -> (artifact id: '69883b40f616f55e0c7ba5d78cc3e4fa') in 0.061695 seconds 
  Import took 0.064262 seconds .

========================================================================
Received Import Request.
  Time since last request: 0.000122 seconds.
  path: Assets/Poco The Adventurer/Sound/Gate Open.wav
  artifactKey: Guid(0ce025fa5f1bd214f9d06e54558ee342) Importer(815301076,1909f56bfc062723c751e8b465ee728b)
Start importing Assets/Poco The Adventurer/Sound/Gate Open.wav using Guid(0ce025fa5f1bd214f9d06e54558ee342) Importer(815301076,1909f56bfc062723c751e8b465ee728b)  -> (artifact id: '09051f900f1ed3b5cae31c59a0bf90f5') in 0.015334 seconds 
  Import took 0.017404 seconds .

========================================================================
Received Import Request.
  Time since last request: 5.357384 seconds.
  path: Assets/Poco The Adventurer/Sprites/Enemies/Enemy Death.png
  artifactKey: Guid(f92f876556f46f245bc89a1ac535a0bf) Importer(815301076,1909f56bfc062723c751e8b465ee728b)
Start importing Assets/Poco The Adventurer/Sprites/Enemies/Enemy Death.png using Guid(f92f876556f46f245bc89a1ac535a0bf) Importer(815301076,1909f56bfc062723c751e8b465ee728b)  -> (artifact id: 'cde672cd1bd42ae7d8fa60fc141e4df3') in 0.028025 seconds 
  Import took 0.031071 seconds .

========================================================================
Received Import Request.
  Time since last request: 1.282505 seconds.
  path: Assets/Poco The Adventurer/Sprites/Level Parts/Door 1.png
  artifactKey: Guid(21e621fd57c3e2649a79f212b064472e) Importer(815301076,1909f56bfc062723c751e8b465ee728b)
Start importing Assets/Poco The Adventurer/Sprites/Level Parts/Door 1.png using Guid(21e621fd57c3e2649a79f212b064472e) Importer(815301076,1909f56bfc062723c751e8b465ee728b)  -> (artifact id: 'bc21c8df58f2aed1a024e99fbd0b42b6') in 0.015260 seconds 
  Import took 0.018552 seconds .

========================================================================
Received Import Request.
  Time since last request: 0.000149 seconds.
  path: Assets/Poco The Adventurer/Sprites/Level Parts/Door 2.png
  artifactKey: Guid(6a661fd0ca1d2ee4d825d0c0f0fdfc05) Importer(815301076,1909f56bfc062723c751e8b465ee728b)
Start importing Assets/Poco The Adventurer/Sprites/Level Parts/Door 2.png using Guid(6a661fd0ca1d2ee4d825d0c0f0fdfc05) Importer(815301076,1909f56bfc062723c751e8b465ee728b)  -> (artifact id: '5fd4ba5d545515ba125c1c621ac1f1b0') in 0.020067 seconds 
  Import took 0.022829 seconds .

========================================================================
Received Import Request.
  Time since last request: 1.699099 seconds.
  path: Assets/Poco The Adventurer/Sprites/Shooting And Bullets/Bullets.png
  artifactKey: Guid(3388a56077ea8e041b7227f19908ea9f) Importer(815301076,1909f56bfc062723c751e8b465ee728b)
Start importing Assets/Poco The Adventurer/Sprites/Shooting And Bullets/Bullets.png using Guid(3388a56077ea8e041b7227f19908ea9f) Importer(815301076,1909f56bfc062723c751e8b465ee728b)  -> (artifact id: 'cb759b245e5ea5a8ae312b8321f1852d') in 0.016049 seconds 
  Import took 0.018815 seconds .

========================================================================
Received Import Request.
  Time since last request: 0.000110 seconds.
  path: Assets/Poco The Adventurer/Sprites/Shooting And Bullets/Shoot FX.png
  artifactKey: Guid(888ab257868749842bab702f89a9fcaa) Importer(815301076,1909f56bfc062723c751e8b465ee728b)
Start importing Assets/Poco The Adventurer/Sprites/Shooting And Bullets/Shoot FX.png using Guid(888ab257868749842bab702f89a9fcaa) Importer(815301076,1909f56bfc062723c751e8b465ee728b)  -> (artifact id: '8e1f58d276c052218f332094589d5bb0') in 0.015592 seconds 
  Import took 0.017752 seconds .

========================================================================
Received Import Request.
  Time since last request: 0.000107 seconds.
  path: Assets/Poco The Adventurer/Sprites/Shooting And Bullets/Explode FX.png
  artifactKey: Guid(e612ec29f750a74459444151db2b417d) Importer(815301076,1909f56bfc062723c751e8b465ee728b)
Start importing Assets/Poco The Adventurer/Sprites/Shooting And Bullets/Explode FX.png using Guid(e612ec29f750a74459444151db2b417d) Importer(815301076,1909f56bfc062723c751e8b465ee728b)  -> (artifact id: 'fa9e6dfdc08ab3275b035a44fe2bde67') in 0.010999 seconds 
  Import took 0.013147 seconds .

========================================================================
Received Import Request.
  Time since last request: 214.854063 seconds.
  path: Assets/Prefabs/Levels
  artifactKey: Guid(5ff8d4c66ab10a944ab21162e1d29951) Importer(815301076,1909f56bfc062723c751e8b465ee728b)
Start importing Assets/Prefabs/Levels using Guid(5ff8d4c66ab10a944ab21162e1d29951) Importer(815301076,1909f56bfc062723c751e8b465ee728b)  -> (artifact id: '40d68927a58ac16b54d9fb9a4db57295') in 0.004442 seconds 
  Import took 0.007231 seconds .

========================================================================
Received Import Request.
  Time since last request: 0.172108 seconds.
  path: Assets/Prefabs/Levels/Dungeon 1 Level.prefab
  artifactKey: Guid(ade80089489544fe3a57c1b14805a58d) Importer(815301076,1909f56bfc062723c751e8b465ee728b)
Start importing Assets/Prefabs/Levels/Dungeon 1 Level.prefab using Guid(ade80089489544fe3a57c1b14805a58d) Importer(815301076,1909f56bfc062723c751e8b465ee728b)  -> (artifact id: '3f166a1433c1cd90d11d2019a4344c07') in 0.058204 seconds 
  Import took 0.061862 seconds .

========================================================================
Received Import Request.
  Time since last request: 0.000138 seconds.
  path: Assets/Prefabs/Levels/Dungeon 3 Level.prefab
  artifactKey: Guid(1fcf786dda649457d9eadfec01cef551) Importer(815301076,1909f56bfc062723c751e8b465ee728b)
Start importing Assets/Prefabs/Levels/Dungeon 3 Level.prefab using Guid(1fcf786dda649457d9eadfec01cef551) Importer(815301076,1909f56bfc062723c751e8b465ee728b)  -> (artifact id: 'bf7fa439187c802ccb3095bc48d3df68') in 0.037985 seconds 
  Import took 0.041626 seconds .

========================================================================
Received Import Request.
  Time since last request: 0.000126 seconds.
  path: Assets/Prefabs/Levels/Dungeon 4 Level.prefab
  artifactKey: Guid(ce13994d6d6874c86aae0ac1188d15a3) Importer(815301076,1909f56bfc062723c751e8b465ee728b)
Start importing Assets/Prefabs/Levels/Dungeon 4 Level.prefab using Guid(ce13994d6d6874c86aae0ac1188d15a3) Importer(815301076,1909f56bfc062723c751e8b465ee728b)  -> (artifact id: '9329e1640c98cb0ed75715ffd1a711dd') in 0.040091 seconds 
  Import took 0.043383 seconds .

========================================================================
Received Import Request.
  Time since last request: 0.000131 seconds.
  path: Assets/Prefabs/Levels/Dungeon 2 Level.prefab
  artifactKey: Guid(4bebae172d05f4f5396d116a1b12e004) Importer(815301076,1909f56bfc062723c751e8b465ee728b)
Start importing Assets/Prefabs/Levels/Dungeon 2 Level.prefab using Guid(4bebae172d05f4f5396d116a1b12e004) Importer(815301076,1909f56bfc062723c751e8b465ee728b)  -> (artifact id: '474a2e145ad09e3891992d53bef084bf') in 0.026797 seconds 
  Import took 0.029775 seconds .

========================================================================
Received Import Request.
  Time since last request: 0.000133 seconds.
  path: Assets/Prefabs/Levels/Main Menu Dungeon.prefab
  artifactKey: Guid(8bc55f9641c5449fd931dc55794ebda5) Importer(815301076,1909f56bfc062723c751e8b465ee728b)
Start importing Assets/Prefabs/Levels/Main Menu Dungeon.prefab using Guid(8bc55f9641c5449fd931dc55794ebda5) Importer(815301076,1909f56bfc062723c751e8b465ee728b)  -> (artifact id: '0e5f9006056ad14975db70f00472318b') in 0.037274 seconds 
  Import took 0.041025 seconds .

========================================================================
Received Import Request.
  Time since last request: 327.396229 seconds.
  path: Assets/Prefabs/Decoration/Decoration - Level 1.prefab
  artifactKey: Guid(fe03ca93539674ab997b045af5c9df15) Importer(815301076,1909f56bfc062723c751e8b465ee728b)
Start importing Assets/Prefabs/Decoration/Decoration - Level 1.prefab using Guid(fe03ca93539674ab997b045af5c9df15) Importer(815301076,1909f56bfc062723c751e8b465ee728b)  -> (artifact id: '7e2754ce18b2532d2d79b0e21f89ee63') in 0.013950 seconds 
  Import took 0.016974 seconds .

========================================================================
Received Import Request.
  Time since last request: 0.000122 seconds.
  path: Assets/Prefabs/Decoration/Water.prefab
  artifactKey: Guid(bca7fa5935eaa4c8da26852741ae9495) Importer(815301076,1909f56bfc062723c751e8b465ee728b)
Start importing Assets/Prefabs/Decoration/Water.prefab using Guid(bca7fa5935eaa4c8da26852741ae9495) Importer(815301076,1909f56bfc062723c751e8b465ee728b)  -> (artifact id: '1a74bc77f582e88becec62b25ac81936') in 0.010256 seconds 
  Import took 0.012538 seconds .

AssetImportWorkerClient::OnTransportError - code=2 error=End of file
